# JRE version: Java(TM) SE Runtime Environment (17.0.10+11) (build 17.0.10+11-LTS-240)
# Java VM: Java HotSpot(TM) 64-Bit Server VM (17.0.10+11-LTS-240, mixed mode, sharing, tiered, compressed oops, compressed class ptrs, g1 gc, windows-amd64)
GC Precious Log:
 CPUs: 4 total, 4 available
 Memory: 8106M
 Large Page Support: Disabled
 NUMA Support: Disabled
 Compressed Oops: Enabled (32-bit)
 Heap Region Size: 1M
 Heap Min Capacity: 8M
 Heap Initial Capacity: 128M
 Heap Max Capacity: 2G
 Pre-touch: Disabled
 Parallel Workers: 4
 Concurrent Workers: 1
 Concurrent Refinement Workers: 4
 Periodic GC: Disabled
Heap:
 garbage-first heap   total 81920K, used 59609K [0x0000000080000000, 0x0000000100000000)
  region size 1024K, 26 young (26624K), 1 survivors (1024K)
 Metaspace       used 40407K, committed 40832K, reserved 491520K
  class space    used 5686K, committed 5888K, reserved 425984K
GC Heap History (20 events):
Event: 3.382 GC heap before
{Heap before GC invocations=2 (full 0):
 garbage-first heap   total 131072K, used 34705K [0x0000000080000000, 0x0000000100000000)
  region size 1024K, 27 young (27648K), 3 survivors (3072K)
 Metaspace       used 4045K, committed 4224K, reserved 491520K
  class space    used 490K, committed 576K, reserved 425984K
}
Event: 3.387 GC heap after
{Heap after GC invocations=3 (full 0):
 garbage-first heap   total 131072K, used 11354K [0x0000000080000000, 0x0000000100000000)
  region size 1024K, 1 young (1024K), 1 survivors (1024K)
 Metaspace       used 4045K, committed 4224K, reserved 491520K
  class space    used 490K, committed 576K, reserved 425984K
}
Event: 8.881 GC heap before
{Heap before GC invocations=3 (full 0):
 garbage-first heap   total 131072K, used 89178K [0x0000000080000000, 0x0000000100000000)
  region size 1024K, 76 young (77824K), 1 survivors (1024K)
 Metaspace       used 15934K, committed 16256K, reserved 491520K
  class space    used 2261K, committed 2432K, reserved 425984K
}
Event: 8.900 GC heap after
{Heap after GC invocations=4 (full 0):
 garbage-first heap   total 131072K, used 20278K [0x0000000080000000, 0x0000000100000000)
  region size 1024K, 10 young (10240K), 10 survivors (10240K)
 Metaspace       used 15934K, committed 16256K, reserved 491520K
  class space    used 2261K, committed 2432K, reserved 425984K
}
Event: 10.931 GC heap before
{Heap before GC invocations=4 (full 0):
 garbage-first heap   total 131072K, used 60214K [0x0000000080000000, 0x0000000100000000)
  region size 1024K, 50 young (51200K), 10 survivors (10240K)
 Metaspace       used 21207K, committed 21504K, reserved 491520K
  class space    used 3114K, committed 3264K, reserved 425984K
}
Event: 10.947 GC heap after
{Heap after GC invocations=5 (full 0):
 garbage-first heap   total 131072K, used 23008K [0x0000000080000000, 0x0000000100000000)
  region size 1024K, 3 young (3072K), 3 survivors (3072K)
 Metaspace       used 21207K, committed 21504K, reserved 491520K
  class space    used 3114K, committed 3264K, reserved 425984K
}
Event: 13.298 GC heap before
{Heap before GC invocations=6 (full 0):
 garbage-first heap   total 81920K, used 68064K [0x0000000080000000, 0x0000000100000000)
  region size 1024K, 48 young (49152K), 3 survivors (3072K)
 Metaspace       used 29139K, committed 29504K, reserved 491520K
  class space    used 4164K, committed 4352K, reserved 425984K
}
Event: 13.311 GC heap after
{Heap after GC invocations=7 (full 0):
 garbage-first heap   total 81920K, used 26090K [0x0000000080000000, 0x0000000100000000)
  region size 1024K, 6 young (6144K), 6 survivors (6144K)
 Metaspace       used 29139K, committed 29504K, reserved 491520K
  class space    used 4164K, committed 4352K, reserved 425984K
}
Event: 13.321 GC heap before
{Heap before GC invocations=7 (full 0):
 garbage-first heap   total 81920K, used 26090K [0x0000000080000000, 0x0000000100000000)
  region size 1024K, 7 young (7168K), 6 survivors (6144K)
 Metaspace       used 29156K, committed 29504K, reserved 491520K
  class space    used 4166K, committed 4352K, reserved 425984K
}
Event: 13.333 GC heap after
{Heap after GC invocations=8 (full 0):
 garbage-first heap   total 81920K, used 26956K [0x0000000080000000, 0x0000000100000000)
  region size 1024K, 1 young (1024K), 1 survivors (1024K)
 Metaspace       used 29156K, committed 29504K, reserved 491520K
  class space    used 4166K, committed 4352K, reserved 425984K
}
Event: 14.746 GC heap before
{Heap before GC invocations=8 (full 0):
 garbage-first heap   total 81920K, used 61772K [0x0000000080000000, 0x0000000100000000)
  region size 1024K, 36 young (36864K), 1 survivors (1024K)
 Metaspace       used 32092K, committed 32448K, reserved 491520K
  class space    used 4547K, committed 4736K, reserved 425984K
}
Event: 14.755 GC heap after
{Heap after GC invocations=9 (full 0):
 garbage-first heap   total 81920K, used 29476K [0x0000000080000000, 0x0000000100000000)
  region size 1024K, 4 young (4096K), 4 survivors (4096K)
 Metaspace       used 32092K, committed 32448K, reserved 491520K
  class space    used 4547K, committed 4736K, reserved 425984K
}
Event: 24.635 GC heap before
{Heap before GC invocations=9 (full 0):
 garbage-first heap   total 81920K, used 67364K [0x0000000080000000, 0x0000000100000000)
  region size 1024K, 37 young (37888K), 4 survivors (4096K)
 Metaspace       used 34790K, committed 35136K, reserved 491520K
  class space    used 4827K, committed 4992K, reserved 425984K
}
Event: 24.646 GC heap after
{Heap after GC invocations=10 (full 0):
 garbage-first heap   total 81920K, used 32008K [0x0000000080000000, 0x0000000100000000)
  region size 1024K, 4 young (4096K), 4 survivors (4096K)
 Metaspace       used 34790K, committed 35136K, reserved 491520K
  class space    used 4827K, committed 4992K, reserved 425984K
}
Event: 25.006 GC heap before
{Heap before GC invocations=10 (full 0):
 garbage-first heap   total 81920K, used 44296K [0x0000000080000000, 0x0000000100000000)
  region size 1024K, 17 young (17408K), 4 survivors (4096K)
 Metaspace       used 35587K, committed 35968K, reserved 491520K
  class space    used 4936K, committed 5120K, reserved 425984K
}
Event: 25.016 GC heap after
{Heap after GC invocations=11 (full 0):
 garbage-first heap   total 81920K, used 33328K [0x0000000080000000, 0x0000000100000000)
  region size 1024K, 2 young (2048K), 2 survivors (2048K)
 Metaspace       used 35587K, committed 35968K, reserved 491520K
  class space    used 4936K, committed 5120K, reserved 425984K
}
Event: 26.250 GC heap before
{Heap before GC invocations=12 (full 0):
 garbage-first heap   total 81920K, used 64048K [0x0000000080000000, 0x0000000100000000)
  region size 1024K, 32 young (32768K), 2 survivors (2048K)
 Metaspace       used 37643K, committed 38080K, reserved 491520K
  class space    used 5259K, committed 5440K, reserved 425984K
}
Event: 26.258 GC heap after
{Heap after GC invocations=13 (full 0):
 garbage-first heap   total 81920K, used 34699K [0x0000000080000000, 0x0000000100000000)
  region size 1024K, 3 young (3072K), 3 survivors (3072K)
 Metaspace       used 37643K, committed 38080K, reserved 491520K
  class space    used 5259K, committed 5440K, reserved 425984K
}
Event: 26.301 GC heap before
{Heap before GC invocations=13 (full 0):
 garbage-first heap   total 81920K, used 34699K [0x0000000080000000, 0x0000000100000000)
  region size 1024K, 4 young (4096K), 3 survivors (3072K)
 Metaspace       used 37779K, committed 38272K, reserved 491520K
  class space    used 5284K, committed 5504K, reserved 425984K
}
Event: 26.311 GC heap after
{Heap after GC invocations=14 (full 0):
 garbage-first heap   total 81920K, used 35033K [0x0000000080000000, 0x0000000100000000)
  region size 1024K, 1 young (1024K), 1 survivors (1024K)
 Metaspace       used 37779K, committed 38272K, reserved 491520K
  class space    used 5284K, committed 5504K, reserved 425984K
}

